2023-12-01 08:48:26,709 [INFO] Activator:176 - 


2023-12-01 08:48:26,716 [INFO] Activator:177 - !SESSION log4j initialized
2023-12-01 08:48:35,147 [INFO] LogOutputStream:77 - [STDOUT_REDIRECT] 
2023-12-01 08:48:58,981 [ERROR] LogOutputStream:75 - [STDERR_REDIRECT] SLF4J: Failed to load class "org.slf4j.impl.StaticLoggerBinder".
2023-12-01 08:48:58,983 [ERROR] LogOutputStream:75 - [STDERR_REDIRECT] SLF4J: Defaulting to no-operation (NOP) logger implementation
2023-12-01 08:48:58,987 [ERROR] LogOutputStream:75 - [STDERR_REDIRECT] SLF4J: See http://www.slf4j.org/codes.html#StaticLoggerBinder for further details.
2023-12-01 08:51:42,405 [INFO] Activator:176 - 


2023-12-01 08:51:42,417 [INFO] Activator:177 - !SESSION log4j initialized
2023-12-01 08:51:49,086 [INFO] LogOutputStream:77 - [STDOUT_REDIRECT] 
2023-12-01 08:52:12,551 [ERROR] LogOutputStream:75 - [STDERR_REDIRECT] SLF4J: Failed to load class "org.slf4j.impl.StaticLoggerBinder".
2023-12-01 08:52:12,551 [ERROR] LogOutputStream:75 - [STDERR_REDIRECT] SLF4J: Defaulting to no-operation (NOP) logger implementation
2023-12-01 08:52:12,561 [ERROR] LogOutputStream:75 - [STDERR_REDIRECT] SLF4J: See http://www.slf4j.org/codes.html#StaticLoggerBinder for further details.
2023-12-01 08:54:47,546 [INFO] Activator:176 - 


2023-12-01 08:54:47,561 [INFO] Activator:177 - !SESSION log4j initialized
2023-12-01 08:54:52,194 [INFO] LogOutputStream:77 - [STDOUT_REDIRECT] 
2023-12-01 08:55:15,168 [ERROR] LogOutputStream:75 - [STDERR_REDIRECT] SLF4J: Failed to load class "org.slf4j.impl.StaticLoggerBinder".
2023-12-01 08:55:15,169 [ERROR] LogOutputStream:75 - [STDERR_REDIRECT] SLF4J: Defaulting to no-operation (NOP) logger implementation
2023-12-01 08:55:15,173 [ERROR] LogOutputStream:75 - [STDERR_REDIRECT] SLF4J: See http://www.slf4j.org/codes.html#StaticLoggerBinder for further details.
2023-12-01 08:56:50,356 [INFO] Activator:176 - 


2023-12-01 08:56:50,360 [INFO] Activator:177 - !SESSION log4j initialized
2023-12-01 08:56:54,342 [INFO] LogOutputStream:77 - [STDOUT_REDIRECT] 
2023-12-01 08:57:18,217 [ERROR] LogOutputStream:75 - [STDERR_REDIRECT] SLF4J: Failed to load class "org.slf4j.impl.StaticLoggerBinder".
2023-12-01 08:57:18,218 [ERROR] LogOutputStream:75 - [STDERR_REDIRECT] SLF4J: Defaulting to no-operation (NOP) logger implementation
2023-12-01 08:57:18,223 [ERROR] LogOutputStream:75 - [STDERR_REDIRECT] SLF4J: See http://www.slf4j.org/codes.html#StaticLoggerBinder for further details.
2023-12-01 08:57:34,288 [INFO] ApplicationProperties:184 - Using Application install path: C:\ST\STM32CubeIDE_1.12.1\STM32CubeIDE\plugins\com.st.stm32cube.common.mx_6.8.1.202304191431
2023-12-01 08:57:34,321 [INFO] DbMcusXml:78 - Set database path to: C:\ST\STM32CubeIDE_1.12.1\STM32CubeIDE\plugins\com.st.stm32cube.common.mx_6.8.1.202304191431\\db\/mcu/
2023-12-01 08:57:34,321 [INFO] ApiDb:274 - Set plugin database path to: C:\ST\STM32CubeIDE_1.12.1\STM32CubeIDE\plugins\com.st.stm32cube.common.mx_6.8.1.202304191431\\db\/plugins/boardmanager/
2023-12-01 08:57:34,326 [WARN] ApiDb:259 - Overriding images path with different value:  => C:\ST\STM32CubeIDE_1.12.1\STM32CubeIDE\plugins\com.st.stm32cube.common.mx_6.8.1.202304191431\\db\/plugins/mcufinder/images/
2023-12-01 08:57:34,371 [INFO] ApiDb:250 - Set database path to: C:\Users\thinh\.stmcufinder\plugins\mcufinder//mcu/
2023-12-01 08:57:34,374 [INFO] DbMcusAds:125 - Set database path to: C:\Users\thinh\.stmcufinder\plugins\mcufinder//mcu/
2023-12-01 08:57:34,411 [INFO] CrossReferenceDbSqlite:203 - Set database path to: C:\Users\thinh\.stmcufinder\plugins\mcufinder//mcu/cs/
2023-12-01 08:57:34,636 [INFO] RulesReader:64 - Compatibility file has been processed (293 Rules)
2023-12-01 08:57:34,784 [INFO] DbMcusXml:78 - Set database path to: C:\ST\STM32CubeIDE_1.12.1\STM32CubeIDE\plugins\com.st.stm32cube.common.mx_6.8.1.202304191431\\db\/mcu/
2023-12-01 08:57:34,784 [INFO] ApiDb:274 - Set plugin database path to: C:\ST\STM32CubeIDE_1.12.1\STM32CubeIDE\plugins\com.st.stm32cube.common.mx_6.8.1.202304191431\\db\/plugins/boardmanager/
2023-12-01 08:57:34,784 [INFO] ApiDb:261 - Set plugin images path to: C:\ST\STM32CubeIDE_1.12.1\STM32CubeIDE\plugins\com.st.stm32cube.common.mx_6.8.1.202304191431\\db\/plugins/mcufinder/images/
2023-12-01 08:57:34,784 [WARN] DbFile:41 - Overriding database path with different value: C:\Users\thinh\.stmcufinder\plugins\mcufinder/ => C:\Users\thinh\.stmcufinder\plugins\mcufinder
2023-12-01 08:57:34,784 [INFO] ApiDb:250 - Set database path to: C:\Users\thinh\.stmcufinder\plugins\mcufinder//mcu/
2023-12-01 08:57:34,784 [WARN] DbFile:41 - Overriding database path with different value: C:\Users\thinh\.stmcufinder\plugins\mcufinder/ => C:\Users\thinh\.stmcufinder\plugins\mcufinder
2023-12-01 08:57:34,784 [INFO] DbMcusAds:125 - Set database path to: C:\Users\thinh\.stmcufinder\plugins\mcufinder//mcu/
2023-12-01 08:57:34,784 [WARN] DbFile:41 - Overriding database path with different value: C:\Users\thinh\.stmcufinder\plugins\mcufinder/ => C:\Users\thinh\.stmcufinder\plugins\mcufinder
2023-12-01 08:57:34,784 [WARN] DbFile:41 - Overriding database path with different value: C:\Users\thinh\.stmcufinder\plugins\mcufinder/ => C:\Users\thinh\.stmcufinder\plugins\mcufinder
2023-12-01 08:57:34,784 [INFO] CrossReferenceDbSqlite:203 - Set database path to: C:\Users\thinh\.stmcufinder\plugins\mcufinder//mcu/cs/
2023-12-01 08:57:34,916 [INFO] MainPanel:253 - HeapMemory: 268435456
2023-12-01 08:57:35,141 [INFO] DbMcusXml:78 - Set database path to: C:\ST\STM32CubeIDE_1.12.1\STM32CubeIDE\plugins\com.st.stm32cube.common.mx_6.8.1.202304191431\\db\/mcu/
2023-12-01 08:57:35,141 [INFO] ApiDb:274 - Set plugin database path to: C:\ST\STM32CubeIDE_1.12.1\STM32CubeIDE\plugins\com.st.stm32cube.common.mx_6.8.1.202304191431\\db\/plugins/boardmanager/
2023-12-01 08:57:35,141 [INFO] ApiDb:261 - Set plugin images path to: C:\ST\STM32CubeIDE_1.12.1\STM32CubeIDE\plugins\com.st.stm32cube.common.mx_6.8.1.202304191431\\db\/plugins/mcufinder/images/
2023-12-01 08:57:35,141 [WARN] DbFile:41 - Overriding database path with different value: C:\Users\thinh\.stmcufinder\plugins\mcufinder/ => C:\Users\thinh\.stmcufinder\plugins\mcufinder
2023-12-01 08:57:35,141 [INFO] ApiDb:250 - Set database path to: C:\Users\thinh\.stmcufinder\plugins\mcufinder//mcu/
2023-12-01 08:57:35,151 [WARN] DbFile:41 - Overriding database path with different value: C:\Users\thinh\.stmcufinder\plugins\mcufinder/ => C:\Users\thinh\.stmcufinder\plugins\mcufinder
2023-12-01 08:57:35,151 [INFO] DbMcusAds:125 - Set database path to: C:\Users\thinh\.stmcufinder\plugins\mcufinder//mcu/
2023-12-01 08:57:35,151 [WARN] DbFile:41 - Overriding database path with different value: C:\Users\thinh\.stmcufinder\plugins\mcufinder/ => C:\Users\thinh\.stmcufinder\plugins\mcufinder
2023-12-01 08:57:35,151 [WARN] DbFile:41 - Overriding database path with different value: C:\Users\thinh\.stmcufinder\plugins\mcufinder/ => C:\Users\thinh\.stmcufinder\plugins\mcufinder
2023-12-01 08:57:35,151 [INFO] CrossReferenceDbSqlite:203 - Set database path to: C:\Users\thinh\.stmcufinder\plugins\mcufinder//mcu/cs/
2023-12-01 08:57:35,184 [INFO] ApplicationProperties:184 - Using Application install path: C:\ST\STM32CubeIDE_1.12.1\STM32CubeIDE\plugins\com.st.stm32cube.common.mx_6.8.1.202304191431
2023-12-01 08:57:35,191 [INFO] PluginManage:196 - Search for loadable plugins [exclusion list=, ]
2023-12-01 08:57:35,191 [INFO] PluginManage:310 - Check plugin analytics
2023-12-01 08:57:35,531 [INFO] AnalyticsPlugin:253 - Accepted Software Licenses: STM32CubeMX.6.9.0,STM32CubeMX.6.9.2
2023-12-01 08:57:35,531 [INFO] AnalyticsPlugin:255 - Accepted CMSIS Pack Licenses: STMicroelectronics.X-CUBE-AI.8.1.0,STMicroelectronics.X-CUBE-AZRTOS-F4.1.1.0
2023-12-01 08:57:35,531 [INFO] AnalyticsPlugin:257 - Accepted Firmware Licenses: FW.F4.1.27.0,FW.U5.1.3.0
2023-12-01 08:57:35,552 [INFO] PluginManage:359 - Loaded plugin analytics (category:tool,tabindex:-1)
2023-12-01 08:57:35,552 [INFO] PluginManage:310 - Check plugin cadmodel
2023-12-01 08:57:35,581 [INFO] CADModel:105 - Init CAD model plugin
2023-12-01 08:57:35,581 [INFO] PluginManage:359 - Loaded plugin cadmodel (category:power,tabindex:5)
2023-12-01 08:57:35,581 [INFO] PluginManage:310 - Check plugin clock
2023-12-01 08:57:35,626 [INFO] PluginManage:359 - Loaded plugin clock (category:base,tabindex:2)
2023-12-01 08:57:35,626 [INFO] PluginManage:310 - Check plugin ddr
2023-12-01 08:57:35,632 [INFO] PluginManage:359 - Loaded plugin ddr (category:tool,tabindex:6)
2023-12-01 08:57:35,632 [INFO] PluginManage:310 - Check plugin filemanager
2023-12-01 08:57:35,901 [INFO] PluginManage:359 - Loaded plugin filemanager (category:base,tabindex:10)
2023-12-01 08:57:35,901 [INFO] PluginManage:310 - Check plugin ipmanager
2023-12-01 08:57:35,916 [INFO] PluginManage:359 - Loaded plugin ipmanager (category:base,tabindex:5)
2023-12-01 08:57:35,916 [INFO] PluginManage:310 - Check plugin lpbam
2023-12-01 08:57:35,952 [INFO] PluginManage:359 - Loaded plugin lpbam (category:base,tabindex:0)
2023-12-01 08:57:35,952 [INFO] PluginManage:310 - Check plugin pinoutandconfiguration
2023-12-01 08:57:35,984 [INFO] PluginManage:359 - Loaded plugin pinoutandconfiguration (category:base,tabindex:1)
2023-12-01 08:57:35,984 [INFO] PluginManage:310 - Check plugin pinoutconfig
2023-12-01 08:57:36,156 [WARN] SupportedApi:132 - Cannot load RTOS API schema: s4s-elt-must-match.1: The content of 'definitions' must match (annotation?, (simpleType | complexType)?, (unique | key | keyref)*)). A problem was found starting at: attribute.
2023-12-01 08:57:36,383 [INFO] PluginManage:359 - Loaded plugin pinoutconfig (category:base,tabindex:0)
2023-12-01 08:57:36,391 [INFO] PluginManage:310 - Check plugin power
2023-12-01 08:57:36,421 [INFO] PluginManage:359 - Loaded plugin power (category:power,tabindex:4)
2023-12-01 08:57:36,421 [INFO] PluginManage:310 - Check plugin projectmanager
2023-12-01 08:57:36,451 [INFO] PluginManage:359 - Loaded plugin projectmanager (category:projectmanager,tabindex:3)
2023-12-01 08:57:36,451 [INFO] PluginManage:310 - Check plugin thirdparty
2023-12-01 08:57:36,891 [WARN] IntegrityCheckThread:84 - waiting for thirdparty lock release [integrity check]
2023-12-01 08:57:36,891 [INFO] PluginManage:359 - Loaded plugin thirdparty (category:base,tabindex:-1)
2023-12-01 08:57:36,891 [INFO] PluginManage:310 - Check plugin tools
2023-12-01 08:57:36,891 [INFO] IntegrityCheckThread:86 - entering critical section [integrity check]
2023-12-01 08:57:36,894 [INFO] ThirdPartyUpdaterWithRetryManager:70 - Updater plugin not ready yet. [1/15]
2023-12-01 08:57:36,941 [INFO] PluginManage:359 - Loaded plugin tools (category:base,tabindex:7)
2023-12-01 08:57:36,941 [INFO] PluginManage:310 - Check plugin tutovideos
2023-12-01 08:57:37,311 [INFO] PluginManage:359 - Loaded plugin tutovideos (category:base,tabindex:-1)
2023-12-01 08:57:37,311 [INFO] PluginManage:310 - Check plugin updater
2023-12-01 08:57:37,336 [INFO] PluginManage:359 - Loaded plugin updater (category:base,tabindex:12)
2023-12-01 08:57:37,336 [INFO] PluginManage:283 - PluginManage : Loaded plugins [15]
2023-12-01 08:57:37,893 [INFO] PinOutPanel:1499 - setPackage(No Configuration,No Configuration)
2023-12-01 08:57:38,049 [INFO] CADModel:165 - CPN selected for project level
2023-12-01 08:57:38,049 [INFO] CADModel:114 - Register for checkConnection events
2023-12-01 08:57:38,222 [INFO] IPUIPlugin:80 - create IPUIPlugin
2023-12-01 08:57:38,222 [INFO] PluginManager:220 - loadIPPluginJar : add adc
2023-12-01 08:57:38,394 [INFO] IPUIPlugin:80 - create IPUIPlugin
2023-12-01 08:57:38,394 [INFO] PluginManager:220 - loadIPPluginJar : add aes
2023-12-01 08:57:38,583 [INFO] IPUIPlugin:80 - create IPUIPlugin
2023-12-01 08:57:38,583 [INFO] PluginManager:220 - loadIPPluginJar : add can
2023-12-01 08:57:38,833 [INFO] IPUIPlugin:80 - create IPUIPlugin
2023-12-01 08:57:38,833 [INFO] PluginManager:220 - loadIPPluginJar : add comp
2023-12-01 08:57:38,991 [INFO] IPUIPlugin:80 - create IPUIPlugin
2023-12-01 08:57:38,991 [INFO] PluginManager:220 - loadIPPluginJar : add cryp
2023-12-01 08:57:39,085 [INFO] IPUIPlugin:80 - create IPUIPlugin
2023-12-01 08:57:39,085 [INFO] PluginManager:220 - loadIPPluginJar : add dfsdm
2023-12-01 08:57:39,132 [INFO] IPUIPlugin:80 - create IPUIPlugin
2023-12-01 08:57:39,132 [INFO] PluginManager:220 - loadIPPluginJar : add dma
2023-12-01 08:57:39,335 [INFO] IPUIPlugin:80 - create IPUIPlugin
2023-12-01 08:57:39,335 [INFO] PluginManager:220 - loadIPPluginJar : add dma3
2023-12-01 08:57:39,398 [INFO] IPUIPlugin:80 - create IPUIPlugin
2023-12-01 08:57:39,398 [INFO] PluginManager:220 - loadIPPluginJar : add fatfs
2023-12-01 08:57:39,570 [INFO] IPUIPlugin:80 - create IPUIPlugin
2023-12-01 08:57:39,570 [INFO] PluginManager:220 - loadIPPluginJar : add fmc
2023-12-01 08:57:39,602 [INFO] IPUIPlugin:80 - create IPUIPlugin
2023-12-01 08:57:39,602 [INFO] PluginManager:220 - loadIPPluginJar : add freertos
2023-12-01 08:57:39,649 [INFO] IPUIPlugin:80 - create IPUIPlugin
2023-12-01 08:57:39,649 [INFO] PluginManager:220 - loadIPPluginJar : add genericplugin
2023-12-01 08:57:39,900 [INFO] ThirdPartyUpdaterWithRetryManager:70 - Updater plugin not ready yet. [2/15]
2023-12-01 08:57:39,962 [INFO] IPUIPlugin:80 - create IPUIPlugin
2023-12-01 08:57:39,962 [INFO] PluginManager:220 - loadIPPluginJar : add gfxmmu
2023-12-01 08:57:40,323 [INFO] IPUIPlugin:80 - create IPUIPlugin
2023-12-01 08:57:40,323 [INFO] PluginManager:220 - loadIPPluginJar : add gic
2023-12-01 08:57:40,354 [INFO] IPUIPlugin:80 - create IPUIPlugin
2023-12-01 08:57:40,354 [INFO] PluginManager:220 - loadIPPluginJar : add gpio
2023-12-01 08:57:40,558 [INFO] IPUIPlugin:80 - create IPUIPlugin
2023-12-01 08:57:40,558 [INFO] PluginManager:220 - loadIPPluginJar : add gtzc
2023-12-01 08:57:40,606 [INFO] IPUIPlugin:80 - create IPUIPlugin
2023-12-01 08:57:40,606 [INFO] PluginManager:220 - loadIPPluginJar : add hash
2023-12-01 08:57:40,715 [INFO] IPUIPlugin:80 - create IPUIPlugin
2023-12-01 08:57:40,715 [INFO] PluginManager:220 - loadIPPluginJar : add i2c
2023-12-01 08:57:40,779 [INFO] IPUIPlugin:80 - create IPUIPlugin
2023-12-01 08:57:40,779 [INFO] PluginManager:220 - loadIPPluginJar : add i2s
2023-12-01 08:57:40,856 [INFO] IPUIPlugin:80 - create IPUIPlugin
2023-12-01 08:57:40,856 [INFO] PluginManager:220 - loadIPPluginJar : add i3c
2023-12-01 08:57:41,139 [INFO] IPUIPlugin:80 - create IPUIPlugin
2023-12-01 08:57:41,139 [INFO] PluginManager:220 - loadIPPluginJar : add ipddr
2023-12-01 08:57:41,311 [INFO] IPUIPlugin:80 - create IPUIPlugin
2023-12-01 08:57:41,311 [INFO] PluginManager:220 - loadIPPluginJar : add linkedlist
2023-12-01 08:57:41,373 [INFO] IPUIPlugin:80 - create IPUIPlugin
2023-12-01 08:57:41,373 [INFO] PluginManager:220 - loadIPPluginJar : add lorawan
2023-12-01 08:57:41,499 [INFO] IPUIPlugin:80 - create IPUIPlugin
2023-12-01 08:57:41,499 [INFO] PluginManager:220 - loadIPPluginJar : add ltdc
2023-12-01 08:57:41,530 [INFO] IPUIPlugin:80 - create IPUIPlugin
2023-12-01 08:57:41,530 [INFO] PluginManager:220 - loadIPPluginJar : add mdma
2023-12-01 08:57:41,580 [INFO] IPUIPlugin:80 - create IPUIPlugin
2023-12-01 08:57:41,580 [INFO] PluginManager:220 - loadIPPluginJar : add nvic
2023-12-01 08:57:41,734 [INFO] IPUIPlugin:80 - create IPUIPlugin
2023-12-01 08:57:41,734 [INFO] PluginManager:220 - loadIPPluginJar : add opamp
2023-12-01 08:57:41,923 [INFO] IPUIPlugin:80 - create IPUIPlugin
2023-12-01 08:57:41,923 [INFO] PluginManager:220 - loadIPPluginJar : add openamp
2023-12-01 08:57:42,017 [INFO] IPUIPlugin:80 - create IPUIPlugin
2023-12-01 08:57:42,017 [INFO] PluginManager:220 - loadIPPluginJar : add pdm2pcm
2023-12-01 08:57:42,048 [INFO] IPUIPlugin:80 - create IPUIPlugin
2023-12-01 08:57:42,048 [INFO] PluginManager:220 - loadIPPluginJar : add plateformsettings
2023-12-01 08:57:42,189 [INFO] IPUIPlugin:80 - create IPUIPlugin
2023-12-01 08:57:42,189 [INFO] PluginManager:220 - loadIPPluginJar : add quadspi
2023-12-01 08:57:42,236 [INFO] IPUIPlugin:80 - create IPUIPlugin
2023-12-01 08:57:42,236 [INFO] PluginManager:220 - loadIPPluginJar : add resmgrutility
2023-12-01 08:57:42,502 [INFO] IPUIPlugin:80 - create IPUIPlugin
2023-12-01 08:57:42,502 [INFO] PluginManager:220 - loadIPPluginJar : add sai
2023-12-01 08:57:42,596 [INFO] IPUIPlugin:80 - create IPUIPlugin
2023-12-01 08:57:42,596 [INFO] PluginManager:220 - loadIPPluginJar : add spi
2023-12-01 08:57:42,752 [INFO] IPUIPlugin:80 - create IPUIPlugin
2023-12-01 08:57:42,752 [INFO] PluginManager:220 - loadIPPluginJar : add stm32_wpan
2023-12-01 08:57:42,863 [INFO] IPUIPlugin:80 - create IPUIPlugin
2023-12-01 08:57:42,863 [INFO] PluginManager:220 - loadIPPluginJar : add tim
2023-12-01 08:57:42,917 [INFO] ThirdPartyUpdaterWithRetryManager:70 - Updater plugin not ready yet. [3/15]
2023-12-01 08:57:43,005 [INFO] IPUIPlugin:80 - create IPUIPlugin
2023-12-01 08:57:43,005 [INFO] PluginManager:220 - loadIPPluginJar : add touchsensing
2023-12-01 08:57:43,058 [INFO] IPUIPlugin:80 - create IPUIPlugin
2023-12-01 08:57:43,058 [INFO] PluginManager:220 - loadIPPluginJar : add tracer_emb
2023-12-01 08:57:43,108 [INFO] IPUIPlugin:80 - create IPUIPlugin
2023-12-01 08:57:43,109 [INFO] PluginManager:220 - loadIPPluginJar : add ts
2023-12-01 08:57:43,142 [INFO] IPUIPlugin:80 - create IPUIPlugin
2023-12-01 08:57:43,142 [INFO] PluginManager:220 - loadIPPluginJar : add tsc
2023-12-01 08:57:43,218 [INFO] IPUIPlugin:80 - create IPUIPlugin
2023-12-01 08:57:43,220 [INFO] PluginManager:220 - loadIPPluginJar : add ucpd
2023-12-01 08:57:43,325 [INFO] IPUIPlugin:80 - create IPUIPlugin
2023-12-01 08:57:43,325 [INFO] PluginManager:220 - loadIPPluginJar : add usart
2023-12-01 08:57:43,425 [INFO] IPUIPlugin:80 - create IPUIPlugin
2023-12-01 08:57:43,426 [INFO] PluginManager:220 - loadIPPluginJar : add usbx
2023-12-01 08:57:43,765 [INFO] CADModel:165 - CPN selected for project level
2023-12-01 08:57:43,765 [INFO] CADModel:114 - Register for checkConnection events
2023-12-01 08:57:43,769 [FATAL] Updater:308 - Updater called before beeing initialized
2023-12-01 08:57:43,769 [ERROR] CADModel:125 - Updater not yet initialized, retry later 
2023-12-01 08:57:44,098 [INFO] CADModel:165 - CPN selected for project level
2023-12-01 08:57:44,098 [INFO] CADModel:114 - Register for checkConnection events
2023-12-01 08:57:44,098 [FATAL] Updater:308 - Updater called before beeing initialized
2023-12-01 08:57:44,099 [ERROR] CADModel:125 - Updater not yet initialized, retry later 
2023-12-01 08:57:44,106 [FATAL] Updater:308 - Updater called before beeing initialized
2023-12-01 08:57:44,495 [FATAL] Updater:308 - Updater called before beeing initialized
2023-12-01 08:57:44,545 [INFO] DbMcusAds:53 - JSON generation date=Tue Mar 07 15:50:55 ICT 2023 (1678179055114)
2023-12-01 08:57:44,546 [FATAL] Updater:308 - Updater called before beeing initialized
2023-12-01 08:57:44,704 [WARN] DetailPanel:346 - Failed to get advertising image, set to default
2023-12-01 08:57:45,027 [FATAL] Updater:308 - Updater called before beeing initialized
2023-12-01 08:57:45,032 [FATAL] Updater:308 - Updater called before beeing initialized
2023-12-01 08:57:45,033 [FATAL] Updater:308 - Updater called before beeing initialized
2023-12-01 08:57:45,033 [WARN] DetailPanel:346 - Failed to get advertising image, set to default
2023-12-01 08:57:45,034 [FATAL] Updater:308 - Updater called before beeing initialized
2023-12-01 08:57:45,216 [ERROR] Updater:1120 - MainUpdater not yet initialized. External WinMGr cannot be set.
2023-12-01 08:57:45,235 [INFO] Updater:1056 - Updater Version found : 6.8.1
2023-12-01 08:57:45,266 [INFO] ApplicationProperties:184 - Using Application install path: C:\ST\STM32CubeIDE_1.12.1\STM32CubeIDE\plugins\com.st.stm32cube.common.mx_6.8.1.202304191431
2023-12-01 08:57:45,601 [INFO] MainUpdater:519 - Copy updater definitions from MX database
2023-12-01 08:57:45,777 [INFO] MainUpdater:2854 - connection check result : 10
2023-12-01 08:57:45,778 [INFO] MainUpdater:3548 - Updater definition file requires update
2023-12-01 08:57:45,779 [INFO] MainUpdater:283 - Updater Check For Update Now.
2023-12-01 08:57:45,780 [INFO] MicroXplorer:498 - Change Database Version : DB.6.0.81
2023-12-01 08:57:45,919 [INFO] ServerAccessManage:473 - Download File updaters.zip
2023-12-01 08:57:45,925 [WARN] MainUpdater:1187 - Updater busy. Cannot search thirdparties
2023-12-01 08:57:45,928 [INFO] ThirdPartyUpdaterWithRetryManager:96 - Updater plugin is busy. [1/15]
2023-12-01 08:57:46,811 [INFO] FileExtend:240 - Unzip File : updaters.zip
2023-12-01 08:57:46,811 [INFO] FileExtend:255 - Standard Zip Deflate
2023-12-01 08:57:48,063 [INFO] ServerAccessManage:473 - Download File PacksControlFlags.xml
2023-12-01 08:57:48,821 [INFO] ServerAccessManage:473 - Download File cubemx.pidx
2023-12-01 08:57:48,944 [WARN] MainUpdater:1187 - Updater busy. Cannot search thirdparties
2023-12-01 08:57:48,944 [INFO] ThirdPartyUpdaterWithRetryManager:96 - Updater plugin is busy. [2/15]
2023-12-01 08:57:50,132 [INFO] ServerAccessManage:473 - Download File STMicroelectronics.FP-SNS-MOTENVWB1.pdsc
2023-12-01 08:57:51,950 [WARN] MainUpdater:1187 - Updater busy. Cannot search thirdparties
2023-12-01 08:57:51,950 [INFO] ThirdPartyUpdaterWithRetryManager:96 - Updater plugin is busy. [3/15]
2023-12-01 08:57:54,465 [ERROR] ServerAccessManage:1096 - Problem, Http access forbiden
2023-12-01 08:57:54,466 [ERROR] ServerAccessManage:651 - Problem, Http access forbiden : RoweBots.I-CUBE-UNISONRTOS.pdsc.
2023-12-01 08:57:54,964 [WARN] MainUpdater:1187 - Updater busy. Cannot search thirdparties
2023-12-01 08:57:54,964 [INFO] ThirdPartyUpdaterWithRetryManager:96 - Updater plugin is busy. [4/15]
2023-12-01 08:57:54,969 [WARN] PackLoader:240 - Cannot read IP mode file for STMicroelectronics.FP-SNS-MOTENVWB1.1.3.1
2023-12-01 08:57:54,988 [INFO] PopulateThirdPartyThread:66 - Ending populate Thread
2023-12-01 08:57:55,053 [INFO] ThirdParty:1030 - CMSIS Pack Vendor :STMicroelectronics FP-SNS-MOTENVWB1 1.3.1
2023-12-01 08:57:55,054 [INFO] LoadServerUpdatesThread:373 - End of LoadServerUpdate Thread
2023-12-01 08:57:55,369 [INFO] CheckServerUpdateThread:120 - End of CheckServer Thread
2023-12-01 08:57:55,520 [INFO] MainUpdater:2854 - connection check result : 10
2023-12-01 08:57:57,157 [INFO] ApiDb:581 - Connected to CubeFinder SQLite database (C:\Users\thinh\.stmcufinder\plugins\mcufinder\mcu\cube-finder-db.db)
2023-12-01 08:57:57,384 [INFO] ApiDb:668 - CubeFinder database Data Model version=2.1
2023-12-01 08:57:57,385 [INFO] ApiDb:669 - CubeFinder database Configuration version=3.0.39
2023-12-01 08:57:57,385 [INFO] ApiDb:670 - CubeFinder database generation date=2023-11-06 (1699269565)
2023-12-01 08:57:57,385 [INFO] ApiDb:671 - CubeFinder database FW Pack versions=[FP-ATR-ASTRA1_V2.0.0, FP-SNS-FLIGHT1_V5.0.1, FP-SNS-FLIGHT1_V5.0.2, FP-SNS-MOTENV1_V4.3.1, FP-SNS-MOTENV1_V4.3.2, FP-SNS-MOTENVWB1_V1.3.0, FP-SNS-SMARTAG2_V1.2.0, STM32Cube_FW_C0_V1.1.0, STM32Cube_FW_F4_V1.28.0, STM32Cube_FW_F7_V1.17.0, STM32Cube_FW_G0_V1.6.1, STM32Cube_FW_G4_V1.5.1, STM32Cube_FW_H5_V0.5.1, STM32Cube_FW_H5_V1.1.1, STM32Cube_FW_H5_V1.2.0RC2, STM32Cube_FW_H7_V1.11.0, STM32Cube_FW_L0_V1.12.2, STM32Cube_FW_L5_V1.5.0, STM32Cube_FW_U5_V1.3.0RC4, STM32Cube_FW_U5_V1.4.0, STM32Cube_FW_WBA_V1.0.0RC1, STM32Cube_FW_WBA_V1.1.0RC1, STM32Cube_FW_WBA_V1.2.0, STM32Cube_FW_WBA_V1.2.0RC2, STM32Cube_FW_WB_V1.15.0RC1, STM32Cube_FW_WB_V1.16.0, STM32Cube_FW_WB_V1.16.0RC2, STM32Cube_FW_WB_V1.18.0, STM32Cube_FW_WL_V1.3.0, X-CUBE-ALGOBUILD_V1.3.0, X-CUBE-ALS_V1.0.1, X-CUBE-AZRTOS-F4_V1.1.0, X-CUBE-AZRTOS-F7_V1.1.0, X-CUBE-AZRTOS-G0_V1.1.0, X-CUBE-AZRTOS-G4_V2.0.0, X-CUBE-AZRTOS-H7_V3.1.0, X-CUBE-AZRTOS-L4_V1.0.0, X-CUBE-AZRTOS-L4_V2.0.0, X-CUBE-AZRTOS-L5_V1.1.0, X-CUBE-AZRTOS-WB_V2.0.0, X-CUBE-AZRTOS-WL_V2.0.0, X-CUBE-BLE1_V7.0.0, X-CUBE-BLE2_V3.3.0, X-CUBE-BLEMGR_V2.0.0, X-CUBE-EEPRMA1_V4.1.0, X-CUBE-EEPRMA1_V4.2.0, X-CUBE-FREERTOS_V1.1.0, X-CUBE-GNSS1_V6.0.0, X-CUBE-MEMS1_V10.0.0, X-CUBE-MEMS1_V9.1.0, X-CUBE-MEMS1_V9.4.0, X-CUBE-MEMS1_V9.6.0, X-CUBE-NFC4_V3.0.0, X-CUBE-NFC7_V1.0.1, X-CUBE-SFXS2LP1_V4.0.0, X-CUBE-SUBG2_V5.0.0, X-CUBE-TOF1_V3.3.1]
2023-12-01 08:57:57,734 [INFO] DbBoardsSqlite:226 - include board P-NUCLEO-WB55-NUCLEO as a kit item of type 'Nucleo-64'
2023-12-01 08:57:57,735 [INFO] DbBoardsSqlite:226 - include board P-NUCLEO-WB55-USBDONGLE as a kit item of type 'Nucleo USB Dongle'
2023-12-01 08:57:57,737 [INFO] DbBoardsSqlite:226 - include board STEVAL-IDP005V1 as a kit item of type 'Evaluation Board'
2023-12-01 08:57:57,738 [INFO] DbBoardsSqlite:226 - include board STEVAL-IDP005V2 as a kit item of type 'Evaluation Board'
2023-12-01 08:57:58,401 [WARN] PackLoader:240 - Cannot read IP mode file for STMicroelectronics.X-CUBE-SMBUS.2.1.0
2023-12-01 08:57:58,536 [WARN] PackLoader:240 - Cannot read IP mode file for STMicroelectronics.X-CUBE-AZRTOS-F7.1.1.0
2023-12-01 08:57:58,733 [WARN] PackLoader:240 - Cannot read IP mode file for STMicroelectronics.FP-SNS-MOTENV1.4.3.2
2023-12-01 08:57:58,810 [WARN] PackLoader:240 - Cannot read IP mode file for STMicroelectronics.FP-SNS-FLIGHT1.5.0.2
2023-12-01 08:57:59,272 [WARN] PackLoader:240 - Cannot read IP mode file for STMicroelectronics.X-CUBE-DISPLAY.3.0.0
2023-12-01 08:57:59,381 [WARN] PackLoader:240 - Cannot read IP mode file for STMicroelectronics.X-CUBE-BLE1.7.0.0
2023-12-01 08:57:59,405 [WARN] PackLoader:240 - Cannot read IP mode file for emotas.I-CUBE-CANOPEN.1.3.0
2023-12-01 08:57:59,520 [WARN] PackLoader:240 - Cannot read IP mode file for STMicroelectronics.X-CUBE-TOUCHGFX.4.22.1
2023-12-01 08:57:59,550 [WARN] PackLoader:240 - Cannot read IP mode file for STMicroelectronics.FP-SNS-SMARTAG2.1.2.0
2023-12-01 08:57:59,632 [INFO] LogOutputStream:77 - [STDOUT_REDIRECT] 1 : Invalid condition id : UX_CORESTACK_Condition cause : null
2023-12-01 08:57:59,634 [INFO] LogOutputStream:77 - [STDOUT_REDIRECT] 1 : Invalid condition id : UX_CORESTACK_Condition cause : null
2023-12-01 08:57:59,641 [INFO] LogOutputStream:77 - [STDOUT_REDIRECT] 1 : Invalid condition id : UX_CORESTACK_Condition cause : null
2023-12-01 08:57:59,644 [INFO] LogOutputStream:77 - [STDOUT_REDIRECT] 1 : Invalid condition id : UX_CORESTACK_Condition cause : null
2023-12-01 08:57:59,646 [INFO] LogOutputStream:77 - [STDOUT_REDIRECT] 1 : Invalid condition id : UX_CORESTACK_Condition cause : null
2023-12-01 08:57:59,653 [WARN] PackLoader:240 - Cannot read IP mode file for STMicroelectronics.X-CUBE-AZRTOS-WL.2.0.0
2023-12-01 08:57:59,684 [WARN] PackLoader:240 - Cannot read IP mode file for WES.I-CUBE-Cesium.1.3.0
2023-12-01 08:57:59,710 [WARN] PackLoader:240 - Cannot read IP mode file for STMicroelectronics.X-CUBE-BLE2.3.3.0
2023-12-01 08:57:59,747 [WARN] PackLoader:240 - Cannot read IP mode file for STMicroelectronics.X-CUBE-ALGOBUILD.1.3.0
2023-12-01 08:57:59,883 [WARN] PackLoader:240 - Cannot read IP mode file for STMicroelectronics.X-CUBE-AZRTOS-G0.1.1.0
2023-12-01 08:57:59,943 [WARN] PackLoader:240 - Cannot read IP mode file for STMicroelectronics.X-CUBE-NFC4.3.0.0
2023-12-01 08:58:00,009 [INFO] ApiDb:240 - Found 297 in-development CPN: [B-G473E-ZEST1S, B-WB1M-WPAN1, B-WL5M-SUBG1, NUCLEO-C031C6, NUCLEO-H503RB, NUCLEO-H563ZI, NUCLEO-U545RE-Q, NUCLEO-U5A5ZJ-Q, NUCLEO-WBA52CG, STEVAL-PROTEUS1, STEVAL-STWINBX1, STM320518-EVAL, STM32C0116-DK, STM32C011D6Y3TR, STM32C011D6Y6TR, STM32C011F4P3, STM32C011F4P6, STM32C011F4U3, STM32C011F4U6TR, STM32C011F6P3, STM32C011F6P6, STM32C011F6U3, STM32C011F6U6TR, STM32C011J4M3, STM32C011J4M6, STM32C011J6M3, STM32C011J6M6, STM32C0316-DK, STM32C031C4T3, STM32C031C4T6, STM32C031C4U3, STM32C031C4U6, STM32C031C6T3, STM32C031C6T6, STM32C031C6U3, STM32C031C6U6, STM32C031F4P3, STM32C031F4P6, STM32C031F6P3, STM32C031F6P6, STM32C031G4U3, STM32C031G4U6, STM32C031G6U3, STM32C031G6U6, STM32C031K4T3, STM32C031K4T6, STM32C031K4U3, STM32C031K4U6, STM32C031K6T3, STM32C031K6T6, STM32C031K6U3, STM32C031K6U6, STM32G071K8TXN, STM32G071K8UXN, STM32G081GBU6N, STM32G081KBT6N, STM32G081KBUXN, STM32G0B1CCT6N, STM32G0B1KCT6, STM32G0B1NEY6TR, STM32G0B1RCT6N, STM32G0C1CCT6, STM32G0C1CCT6N, STM32G0C1CCU6N, STM32G0C1CET6N, STM32G0C1CEU6N, STM32G0C1KCT6, STM32G0C1NEY6TR, STM32G0C1RCI6N, STM32G0C1RCT6N, STM32G0C1REI6N, STM32G0C1RET6N, STM32G0C1VCI6, STM32G0C1VEI6, STM32G471CCT6, STM32G471CCU6, STM32G471CET3, STM32G471CET6, STM32G471CEU3, STM32G471CEU6, STM32G471MCT6, STM32G471MET3, STM32G471MET6, STM32G471MEY6TR, STM32G471QCT6, STM32G471QET3, STM32G471RCT6, STM32G471RET3, STM32G471RET6, STM32G471VCH6, STM32G471VCI6, STM32G471VCT6, STM32G471VEH3, STM32G471VEH6, STM32G471VEI3, STM32G471VEI6, STM32G471VET3, STM32G471VET6, STM32G474CCT6, STM32H503CBT6, STM32H503CBU6, STM32H503EBY6TR, STM32H503KBU6, STM32H503RBT6, STM32H562AGI6, STM32H562AII6, STM32H562IGK6, STM32H562IGT6, STM32H562IIK6, STM32H562IIT6, STM32H562RGT6, STM32H562RGV6, STM32H562RIT6, STM32H562RIV6, STM32H562VGT6, STM32H562VIT6, STM32H562ZGT6, STM32H562ZIT6, STM32H563AGI6, STM32H563AII3Q, STM32H563AII6, STM32H563IGK6, STM32H563IGT6, STM32H563IIK3Q, STM32H563IIK6, STM32H563IIT3Q, STM32H563IIT6, STM32H563MIY3QTR, STM32H563RGT6, STM32H563RGV6, STM32H563RIT6, STM32H563RIV6, STM32H563VGT6, STM32H563VIT3Q, STM32H563VIT6, STM32H563ZGT6, STM32H563ZIT3Q, STM32H563ZIT6, STM32H573AII3Q, STM32H573AII6, STM32H573I-DK, STM32H573IIK3Q, STM32H573IIK6, STM32H573IIT3Q, STM32H573IIT6, STM32H573MIY3QTR, STM32H573RIT6, STM32H573RIV6, STM32H573VIT3Q, STM32H573VIT6, STM32H573ZIT3Q, STM32H573ZIT6, STM32L4R5QGI6STR, STM32MP131AAE3, STM32MP131AAF3, STM32MP131AAG3, STM32MP131CAE3, STM32MP131CAF3, STM32MP131CAG3, STM32MP131DAE7, STM32MP131DAF7, STM32MP131DAG7, STM32MP131FAE7, STM32MP131FAF7, STM32MP131FAG7, STM32MP133AAE3, STM32MP133AAF3, STM32MP133AAG3, STM32MP133CAE3, STM32MP133CAF3, STM32MP133CAG3, STM32MP133DAE7, STM32MP133DAF7, STM32MP133DAG7, STM32MP133FAE7, STM32MP133FAF7, STM32MP133FAG7, STM32MP135AAE3, STM32MP135AAF3, STM32MP135AAG3, STM32MP135CAE3, STM32MP135CAF3, STM32MP135CAG3, STM32MP135DAE7, STM32MP135DAF7, STM32MP135DAG7, STM32MP135F-DK, STM32MP135FAE7, STM32MP135FAF7, STM32MP135FAF7T, STM32MP135FAF7U, STM32MP135FAG7, STM32U535CBT6, STM32U535CBT6Q, STM32U535CBU6, STM32U535CBU6Q, STM32U535CCT6, STM32U535CCT6Q, STM32U535CCU6, STM32U535CCU6Q, STM32U535CET6, STM32U535CET6Q, STM32U535CEU6, STM32U535CEU6Q, STM32U535JEY6QTR, STM32U535NCY6QTR, STM32U535NEY6QTR, STM32U535RBI6, STM32U535RBI6Q, STM32U535RBT6, STM32U535RBT6Q, STM32U535RCI6, STM32U535RCI6Q, STM32U535RCT6, STM32U535RCT6Q, STM32U535REI6, STM32U535REI6Q, STM32U535RET6, STM32U535RET6Q, STM32U535VCI6, STM32U535VCI6Q, STM32U535VCT6, STM32U535VCT6Q, STM32U535VEI6, STM32U535VEI6Q, STM32U535VET6, STM32U535VET6Q, STM32U545CET6, STM32U545CET6Q, STM32U545CEU6, STM32U545CEU6Q, STM32U545JEY6QTR, STM32U545NEY6QTR, STM32U545REI6, STM32U545REI6Q, STM32U545RET6, STM32U545RET6Q, STM32U545VEI6, STM32U545VEI6Q, STM32U545VET6, STM32U545VET6Q, STM32U595AIH6, STM32U595AIH6Q, STM32U595AJH6, STM32U595AJH6Q, STM32U595QII6, STM32U595QII6Q, STM32U595QJI6, STM32U595QJI6Q, STM32U595RIT6, STM32U595RIT6Q, STM32U595RJT6, STM32U595RJT6Q, STM32U595VIT6, STM32U595VIT6Q, STM32U595VJT6, STM32U595VJT6Q, STM32U595ZIT6, STM32U595ZIT6Q, STM32U595ZIY6QTR, STM32U595ZJT6, STM32U595ZJT6Q, STM32U595ZJY6QTR, STM32U599BJY6QTR, STM32U599NIH6Q, STM32U599NJH6Q, STM32U599VIT6Q, STM32U599VJT6, STM32U599VJT6Q, STM32U599ZIT6Q, STM32U599ZIY6QTR, STM32U599ZJT6Q, STM32U599ZJY6QTR, STM32U5A5AJH6, STM32U5A5AJH6Q, STM32U5A5QJI6, STM32U5A5QJI6Q, STM32U5A5RJT6, STM32U5A5RJT6Q, STM32U5A5VJT6, STM32U5A5VJT6Q, STM32U5A5ZJT6, STM32U5A5ZJT6Q, STM32U5A5ZJY6QTR, STM32U5A9BJY6QTR, STM32U5A9J-DK, STM32U5A9NJH6Q, STM32U5A9VJT6Q, STM32U5A9ZJT6Q, STM32U5A9ZJY6QTR, STM32WB1MMCH6, STM32WBA52CEU6, STM32WBA52CEU6T, STM32WBA52CGU6, STM32WBA52CGU6T, STM32WL5MOCH6, STM32WL5MOCH6TR]
2023-12-01 08:58:00,021 [INFO] ApiDb:668 - CubeFinder database Data Model version=2.1
2023-12-01 08:58:00,021 [INFO] ApiDb:669 - CubeFinder database Configuration version=3.0.39
2023-12-01 08:58:00,022 [INFO] ApiDb:670 - CubeFinder database generation date=2023-11-06 (1699269565)
2023-12-01 08:58:00,022 [INFO] ApiDb:671 - CubeFinder database FW Pack versions=[FP-ATR-ASTRA1_V2.0.0, FP-SNS-FLIGHT1_V5.0.1, FP-SNS-FLIGHT1_V5.0.2, FP-SNS-MOTENV1_V4.3.1, FP-SNS-MOTENV1_V4.3.2, FP-SNS-MOTENVWB1_V1.3.0, FP-SNS-SMARTAG2_V1.2.0, STM32Cube_FW_C0_V1.1.0, STM32Cube_FW_F4_V1.28.0, STM32Cube_FW_F7_V1.17.0, STM32Cube_FW_G0_V1.6.1, STM32Cube_FW_G4_V1.5.1, STM32Cube_FW_H5_V0.5.1, STM32Cube_FW_H5_V1.1.1, STM32Cube_FW_H5_V1.2.0RC2, STM32Cube_FW_H7_V1.11.0, STM32Cube_FW_L0_V1.12.2, STM32Cube_FW_L5_V1.5.0, STM32Cube_FW_U5_V1.3.0RC4, STM32Cube_FW_U5_V1.4.0, STM32Cube_FW_WBA_V1.0.0RC1, STM32Cube_FW_WBA_V1.1.0RC1, STM32Cube_FW_WBA_V1.2.0, STM32Cube_FW_WBA_V1.2.0RC2, STM32Cube_FW_WB_V1.15.0RC1, STM32Cube_FW_WB_V1.16.0, STM32Cube_FW_WB_V1.16.0RC2, STM32Cube_FW_WB_V1.18.0, STM32Cube_FW_WL_V1.3.0, X-CUBE-ALGOBUILD_V1.3.0, X-CUBE-ALS_V1.0.1, X-CUBE-AZRTOS-F4_V1.1.0, X-CUBE-AZRTOS-F7_V1.1.0, X-CUBE-AZRTOS-G0_V1.1.0, X-CUBE-AZRTOS-G4_V2.0.0, X-CUBE-AZRTOS-H7_V3.1.0, X-CUBE-AZRTOS-L4_V1.0.0, X-CUBE-AZRTOS-L4_V2.0.0, X-CUBE-AZRTOS-L5_V1.1.0, X-CUBE-AZRTOS-WB_V2.0.0, X-CUBE-AZRTOS-WL_V2.0.0, X-CUBE-BLE1_V7.0.0, X-CUBE-BLE2_V3.3.0, X-CUBE-BLEMGR_V2.0.0, X-CUBE-EEPRMA1_V4.1.0, X-CUBE-EEPRMA1_V4.2.0, X-CUBE-FREERTOS_V1.1.0, X-CUBE-GNSS1_V6.0.0, X-CUBE-MEMS1_V10.0.0, X-CUBE-MEMS1_V9.1.0, X-CUBE-MEMS1_V9.4.0, X-CUBE-MEMS1_V9.6.0, X-CUBE-NFC4_V3.0.0, X-CUBE-NFC7_V1.0.1, X-CUBE-SFXS2LP1_V4.0.0, X-CUBE-SUBG2_V5.0.0, X-CUBE-TOF1_V3.3.1]
2023-12-01 08:58:00,158 [WARN] PackLoader:240 - Cannot read IP mode file for STMicroelectronics.X-CUBE-BLEMGR.3.0.0
2023-12-01 08:58:00,175 [WARN] PackLoader:240 - Cannot read IP mode file for STMicroelectronics.FP-ATR-SIGFOX1.3.2.0
2023-12-01 08:58:00,550 [WARN] PackLoader:240 - Cannot read IP mode file for SEGGER.I-CUBE-embOS.1.3.1
2023-12-01 08:58:01,202 [WARN] PackLoader:240 - Cannot read IP mode file for STMicroelectronics.X-CUBE-GNSS1.6.0.0
2023-12-01 08:58:01,324 [WARN] PackLoader:240 - Cannot read IP mode file for STMicroelectronics.X-CUBE-AZRTOS-F4.1.1.0
2023-12-01 08:58:02,390 [WARN] PackLoader:240 - Cannot read IP mode file for wolfSSL.I-CUBE-wolfSSL.5.6.3
2023-12-01 08:58:02,490 [WARN] PackLoader:240 - Cannot read IP mode file for STMicroelectronics.X-CUBE-AZRTOS-L5.2.0.0
2023-12-01 08:58:02,639 [WARN] PackLoader:240 - Cannot read IP mode file for STMicroelectronics.X-CUBE-EEPRMA1.4.2.0
2023-12-01 08:58:02,831 [WARN] PackLoader:240 - Cannot read IP mode file for ITTIA_DB.I-CUBE-ITTIADB.8.8.0
2023-12-01 08:58:02,886 [WARN] PackLoader:240 - Cannot read IP mode file for STMicroelectronics.X-CUBE-BLEMGR.2.0.0
2023-12-01 08:58:02,969 [WARN] ConditionMgr:438 - getConditionDescription Invalid condition id : UX DEVICE CLASS RTOS Condition cause : null
2023-12-01 08:58:02,969 [WARN] ConditionMgr:438 - getConditionDescription Invalid condition id : UX DEVICE CLASS RTOS Condition cause : null
2023-12-01 08:58:03,006 [WARN] PackLoader:240 - Cannot read IP mode file for STMicroelectronics.X-CUBE-AZRTOS-H7.3.1.0
2023-12-01 08:58:03,008 [WARN] ConditionMgr:1039 - genDependencies : Invalid condition id : UX DEVICE CLASS RTOS Condition cause : null
2023-12-01 08:58:03,008 [WARN] ConditionMgr:1039 - genDependencies : Invalid condition id : UX DEVICE CLASS RTOS Condition cause : null
2023-12-01 08:58:03,033 [WARN] ConditionMgr:1039 - genDependencies : Invalid condition id : UX DEVICE CLASS RTOS Condition cause : null
2023-12-01 08:58:03,036 [WARN] ConditionMgr:1039 - genDependencies : Invalid condition id : UX DEVICE CLASS RTOS Condition cause : null
2023-12-01 08:58:03,037 [WARN] ConditionMgr:1039 - genDependencies : Invalid condition id : UX DEVICE CLASS RTOS Condition cause : null
2023-12-01 08:58:03,189 [WARN] PackLoader:240 - Cannot read IP mode file for STMicroelectronics.X-CUBE-NFC7.1.0.1
2023-12-01 08:58:03,560 [WARN] PackLoader:240 - Cannot read IP mode file for STMicroelectronics.X-CUBE-NFC6.3.0.0
2023-12-01 08:58:03,639 [WARN] PackLoader:240 - Cannot read IP mode file for STMicroelectronics.X-CUBE-EEPRMA1.4.1.0
2023-12-01 08:58:03,758 [WARN] PackLoader:240 - Cannot read IP mode file for STMicroelectronics.X-CUBE-AI.8.1.0
2023-12-01 08:58:04,042 [WARN] ConditionMgr:438 - getConditionDescription Invalid condition id : LAN8742 Phy interface Condition cause : null
2023-12-01 08:58:04,044 [WARN] PackLoader:240 - Cannot read IP mode file for STMicroelectronics.X-CUBE-AZRTOS-L4.2.0.0
2023-12-01 08:58:04,050 [WARN] ConditionMgr:1039 - genDependencies : Invalid condition id : LAN8742 Phy interface Condition cause : null
2023-12-01 08:58:04,050 [WARN] ConditionMgr:1039 - genDependencies : Invalid condition id : LAN8742 Phy interface Condition cause : null
2023-12-01 08:58:04,052 [WARN] ConditionMgr:1039 - genDependencies : Invalid condition id : LAN8742 Phy interface Condition cause : null
2023-12-01 08:58:04,122 [WARN] PackLoader:240 - Cannot read IP mode file for STMicroelectronics.X-CUBE-SFXS2LP1.4.0.0
2023-12-01 08:58:04,288 [WARN] PackLoader:240 - Cannot read IP mode file for STMicroelectronics.X-CUBE-ISPU.1.1.0
2023-12-01 08:58:04,389 [WARN] ConditionMgr:438 - getConditionDescription Invalid condition id : UX DEVICE CLASS RTOS Condition cause : null
2023-12-01 08:58:04,389 [WARN] ConditionMgr:438 - getConditionDescription Invalid condition id : UX DEVICE CLASS RTOS Condition cause : null
2023-12-01 08:58:04,399 [WARN] PackLoader:240 - Cannot read IP mode file for STMicroelectronics.X-CUBE-AZRTOS-WB.2.0.0
2023-12-01 08:58:04,400 [WARN] ConditionMgr:1039 - genDependencies : Invalid condition id : UX DEVICE CLASS RTOS Condition cause : null
2023-12-01 08:58:04,400 [WARN] ConditionMgr:1039 - genDependencies : Invalid condition id : UX DEVICE CLASS RTOS Condition cause : null
2023-12-01 08:58:04,402 [WARN] ConditionMgr:1039 - genDependencies : Invalid condition id : UX DEVICE CLASS RTOS Condition cause : null
2023-12-01 08:58:04,402 [WARN] ConditionMgr:1039 - genDependencies : Invalid condition id : UX DEVICE CLASS RTOS Condition cause : null
2023-12-01 08:58:04,402 [WARN] ConditionMgr:1039 - genDependencies : Invalid condition id : UX DEVICE CLASS RTOS Condition cause : null
2023-12-01 08:58:04,532 [WARN] PackLoader:240 - Cannot read IP mode file for STMicroelectronics.X-CUBE-SUBG2.5.0.0
2023-12-01 08:58:04,602 [WARN] PackLoader:240 - Cannot read IP mode file for STMicroelectronics.X-CUBE-TOF1.3.3.1
2023-12-01 08:58:04,733 [WARN] PackLoader:240 - Cannot read IP mode file for STMicroelectronics.X-CUBE-AZRTOS-G4.2.0.0
2023-12-01 08:58:04,784 [WARN] PackLoader:240 - Cannot read IP mode file for Infineon.AIROC-Wi-Fi-Bluetooth-STM32.1.5.1
2023-12-01 08:58:04,810 [WARN] PackLoader:240 - Cannot read IP mode file for STMicroelectronics.FP-SNS-MOTENVWB1.1.3.0
2023-12-01 08:58:04,856 [WARN] PackLoader:240 - Cannot read IP mode file for STMicroelectronics.FP-SNS-MOTENVWB1.1.3.1
2023-12-01 08:58:05,072 [WARN] PackLoader:240 - Cannot read IP mode file for STMicroelectronics.X-CUBE-MEMS1.10.0.0
2023-12-01 08:58:06,044 [WARN] PackLoader:240 - Cannot read IP mode file for STMicroelectronics.X-CUBE-FREERTOS.1.1.0
2023-12-01 08:58:06,262 [WARN] PackLoader:240 - Cannot read IP mode file for portGmbH.I-Cube-SoM-uGOAL.1.1.0
2023-12-01 08:58:06,299 [WARN] PackLoader:240 - Cannot read IP mode file for STMicroelectronics.X-CUBE-ALS.1.0.1
2023-12-01 08:58:06,320 [WARN] PackLoader:240 - Cannot read IP mode file for STMicroelectronics.FP-ATR-ASTRA1.2.0.0
2023-12-01 08:58:06,392 [WARN] PackLoader:240 - Cannot read IP mode file for STMicroelectronics.X-CUBE-TOF1.3.4.0
2023-12-01 08:58:06,443 [INFO] ThirdParty:978 - Integrity check success = true
2023-12-01 08:58:06,448 [INFO] IntegrityCheckThread:100 - exiting critical section [integrity check]
2023-12-01 08:58:06,449 [INFO] IntegrityCheckThread:103 - End integrity checks thread
2023-12-01 08:58:10,475 [INFO] ApiDb:240 - Found 297 in-development CPN: [B-G473E-ZEST1S, B-WB1M-WPAN1, B-WL5M-SUBG1, NUCLEO-C031C6, NUCLEO-H503RB, NUCLEO-H563ZI, NUCLEO-U545RE-Q, NUCLEO-U5A5ZJ-Q, NUCLEO-WBA52CG, STEVAL-PROTEUS1, STEVAL-STWINBX1, STM320518-EVAL, STM32C0116-DK, STM32C011D6Y3TR, STM32C011D6Y6TR, STM32C011F4P3, STM32C011F4P6, STM32C011F4U3, STM32C011F4U6TR, STM32C011F6P3, STM32C011F6P6, STM32C011F6U3, STM32C011F6U6TR, STM32C011J4M3, STM32C011J4M6, STM32C011J6M3, STM32C011J6M6, STM32C0316-DK, STM32C031C4T3, STM32C031C4T6, STM32C031C4U3, STM32C031C4U6, STM32C031C6T3, STM32C031C6T6, STM32C031C6U3, STM32C031C6U6, STM32C031F4P3, STM32C031F4P6, STM32C031F6P3, STM32C031F6P6, STM32C031G4U3, STM32C031G4U6, STM32C031G6U3, STM32C031G6U6, STM32C031K4T3, STM32C031K4T6, STM32C031K4U3, STM32C031K4U6, STM32C031K6T3, STM32C031K6T6, STM32C031K6U3, STM32C031K6U6, STM32G071K8TXN, STM32G071K8UXN, STM32G081GBU6N, STM32G081KBT6N, STM32G081KBUXN, STM32G0B1CCT6N, STM32G0B1KCT6, STM32G0B1NEY6TR, STM32G0B1RCT6N, STM32G0C1CCT6, STM32G0C1CCT6N, STM32G0C1CCU6N, STM32G0C1CET6N, STM32G0C1CEU6N, STM32G0C1KCT6, STM32G0C1NEY6TR, STM32G0C1RCI6N, STM32G0C1RCT6N, STM32G0C1REI6N, STM32G0C1RET6N, STM32G0C1VCI6, STM32G0C1VEI6, STM32G471CCT6, STM32G471CCU6, STM32G471CET3, STM32G471CET6, STM32G471CEU3, STM32G471CEU6, STM32G471MCT6, STM32G471MET3, STM32G471MET6, STM32G471MEY6TR, STM32G471QCT6, STM32G471QET3, STM32G471RCT6, STM32G471RET3, STM32G471RET6, STM32G471VCH6, STM32G471VCI6, STM32G471VCT6, STM32G471VEH3, STM32G471VEH6, STM32G471VEI3, STM32G471VEI6, STM32G471VET3, STM32G471VET6, STM32G474CCT6, STM32H503CBT6, STM32H503CBU6, STM32H503EBY6TR, STM32H503KBU6, STM32H503RBT6, STM32H562AGI6, STM32H562AII6, STM32H562IGK6, STM32H562IGT6, STM32H562IIK6, STM32H562IIT6, STM32H562RGT6, STM32H562RGV6, STM32H562RIT6, STM32H562RIV6, STM32H562VGT6, STM32H562VIT6, STM32H562ZGT6, STM32H562ZIT6, STM32H563AGI6, STM32H563AII3Q, STM32H563AII6, STM32H563IGK6, STM32H563IGT6, STM32H563IIK3Q, STM32H563IIK6, STM32H563IIT3Q, STM32H563IIT6, STM32H563MIY3QTR, STM32H563RGT6, STM32H563RGV6, STM32H563RIT6, STM32H563RIV6, STM32H563VGT6, STM32H563VIT3Q, STM32H563VIT6, STM32H563ZGT6, STM32H563ZIT3Q, STM32H563ZIT6, STM32H573AII3Q, STM32H573AII6, STM32H573I-DK, STM32H573IIK3Q, STM32H573IIK6, STM32H573IIT3Q, STM32H573IIT6, STM32H573MIY3QTR, STM32H573RIT6, STM32H573RIV6, STM32H573VIT3Q, STM32H573VIT6, STM32H573ZIT3Q, STM32H573ZIT6, STM32L4R5QGI6STR, STM32MP131AAE3, STM32MP131AAF3, STM32MP131AAG3, STM32MP131CAE3, STM32MP131CAF3, STM32MP131CAG3, STM32MP131DAE7, STM32MP131DAF7, STM32MP131DAG7, STM32MP131FAE7, STM32MP131FAF7, STM32MP131FAG7, STM32MP133AAE3, STM32MP133AAF3, STM32MP133AAG3, STM32MP133CAE3, STM32MP133CAF3, STM32MP133CAG3, STM32MP133DAE7, STM32MP133DAF7, STM32MP133DAG7, STM32MP133FAE7, STM32MP133FAF7, STM32MP133FAG7, STM32MP135AAE3, STM32MP135AAF3, STM32MP135AAG3, STM32MP135CAE3, STM32MP135CAF3, STM32MP135CAG3, STM32MP135DAE7, STM32MP135DAF7, STM32MP135DAG7, STM32MP135F-DK, STM32MP135FAE7, STM32MP135FAF7, STM32MP135FAF7T, STM32MP135FAF7U, STM32MP135FAG7, STM32U535CBT6, STM32U535CBT6Q, STM32U535CBU6, STM32U535CBU6Q, STM32U535CCT6, STM32U535CCT6Q, STM32U535CCU6, STM32U535CCU6Q, STM32U535CET6, STM32U535CET6Q, STM32U535CEU6, STM32U535CEU6Q, STM32U535JEY6QTR, STM32U535NCY6QTR, STM32U535NEY6QTR, STM32U535RBI6, STM32U535RBI6Q, STM32U535RBT6, STM32U535RBT6Q, STM32U535RCI6, STM32U535RCI6Q, STM32U535RCT6, STM32U535RCT6Q, STM32U535REI6, STM32U535REI6Q, STM32U535RET6, STM32U535RET6Q, STM32U535VCI6, STM32U535VCI6Q, STM32U535VCT6, STM32U535VCT6Q, STM32U535VEI6, STM32U535VEI6Q, STM32U535VET6, STM32U535VET6Q, STM32U545CET6, STM32U545CET6Q, STM32U545CEU6, STM32U545CEU6Q, STM32U545JEY6QTR, STM32U545NEY6QTR, STM32U545REI6, STM32U545REI6Q, STM32U545RET6, STM32U545RET6Q, STM32U545VEI6, STM32U545VEI6Q, STM32U545VET6, STM32U545VET6Q, STM32U595AIH6, STM32U595AIH6Q, STM32U595AJH6, STM32U595AJH6Q, STM32U595QII6, STM32U595QII6Q, STM32U595QJI6, STM32U595QJI6Q, STM32U595RIT6, STM32U595RIT6Q, STM32U595RJT6, STM32U595RJT6Q, STM32U595VIT6, STM32U595VIT6Q, STM32U595VJT6, STM32U595VJT6Q, STM32U595ZIT6, STM32U595ZIT6Q, STM32U595ZIY6QTR, STM32U595ZJT6, STM32U595ZJT6Q, STM32U595ZJY6QTR, STM32U599BJY6QTR, STM32U599NIH6Q, STM32U599NJH6Q, STM32U599VIT6Q, STM32U599VJT6, STM32U599VJT6Q, STM32U599ZIT6Q, STM32U599ZIY6QTR, STM32U599ZJT6Q, STM32U599ZJY6QTR, STM32U5A5AJH6, STM32U5A5AJH6Q, STM32U5A5QJI6, STM32U5A5QJI6Q, STM32U5A5RJT6, STM32U5A5RJT6Q, STM32U5A5VJT6, STM32U5A5VJT6Q, STM32U5A5ZJT6, STM32U5A5ZJT6Q, STM32U5A5ZJY6QTR, STM32U5A9BJY6QTR, STM32U5A9J-DK, STM32U5A9NJH6Q, STM32U5A9VJT6Q, STM32U5A9ZJT6Q, STM32U5A9ZJY6QTR, STM32WB1MMCH6, STM32WBA52CEU6, STM32WBA52CEU6T, STM32WBA52CGU6, STM32WBA52CGU6T, STM32WL5MOCH6, STM32WL5MOCH6TR]
2023-12-01 08:58:10,524 [INFO] DbMcus:216 - Found 3861 MCUs, 3861 are supported
2023-12-01 08:58:10,603 [INFO] ApiDb:423 - Load user favorites file C:\Users\thinh/.stm32cubeide/favorites.mcus.txt: 1 item(s)
2023-12-01 08:58:10,604 [INFO] ApiDb:427 - User favorites MCUs=[STM32F103RCT6]
2023-12-01 08:58:10,604 [INFO] DbMcus:222 - Set 1 / 1 favorites MCUs
2023-12-01 08:58:11,967 [INFO] BoardInfo:880 - No configuration file found for board P-NUCLEO-WB55
2023-12-01 08:58:11,967 [INFO] DbBoards:157 - Kit is not supported: P-NUCLEO-WB55
2023-12-01 08:58:11,981 [INFO] BoardInfo:880 - No configuration file found for board STEVAL-BFA001V1B
2023-12-01 08:58:11,981 [INFO] DbBoards:157 - Kit is not supported: STEVAL-BFA001V1B
2023-12-01 08:58:11,984 [INFO] BoardInfo:880 - No configuration file found for board STEVAL-BFA001V2B
2023-12-01 08:58:11,984 [INFO] DbBoards:157 - Kit is not supported: STEVAL-BFA001V2B
2023-12-01 08:58:12,012 [INFO] BoardInfo:880 - No configuration file found for board STEVAL-MKBOXPRO
2023-12-01 08:58:12,012 [INFO] DbBoards:157 - Board is not supported: STEVAL-MKBOXPRO
2023-12-01 08:58:12,022 [INFO] BoardInfo:880 - No configuration file found for board STEVAL-SMARTAG2
2023-12-01 08:58:12,022 [INFO] DbBoards:157 - Board is not supported: STEVAL-SMARTAG2
2023-12-01 08:58:12,342 [INFO] DbBoards:161 - Found 189 boards, 184 are supported
2023-12-01 08:58:12,357 [INFO] ApiDb:423 - Load user favorites file C:\Users\thinh/.stm32cubeide/favorites.boards.txt: 1 item(s)
2023-12-01 08:58:12,357 [INFO] ApiDb:427 - User favorites Boards=[STM32F407G-DISC1]
2023-12-01 08:58:12,357 [INFO] DbBoards:190 - Set 1 / 1 favorites Boards
2023-12-01 08:58:12,358 [INFO] McuFinderGlobals:66 - Set McuFinderConnectedMode to true
2023-12-01 08:58:12,379 [INFO] MultiScanPanel:200 - Auto-refresh data requested => check proxy status ongoing
2023-12-01 08:58:12,385 [INFO] FinderPluginLoader:95 - Searching for filters in installed packs
2023-12-01 08:58:12,389 [INFO] FinderPluginLoader:108 - Found C:\Users\thinh\STM32Cube\Repository\Packs\STMicroelectronics\X-CUBE-AI\8.1.0\CubeMX\plugins\ip\ai.8.1.0.jar
2023-12-01 08:58:12,390 [INFO] FinderPluginLoader:118 - Loading ai.8.1.0
2023-12-01 08:58:12,575 [INFO] McuExtendedFiltersManager:95 - Add MCU extended filter: Artificial Intelligence
2023-12-01 08:58:14,422 [INFO] AInterface:109 - AInterface using toolDir: C:/Users/thinh/STM32Cube/Repository//Packs/STMicroelectronics/X-CUBE-AI/8.1.0/Utilities/windows
2023-12-01 08:58:15,841 [INFO] LoadUrlFilesThread:185 - End of LoadServerUrlFiles without Thread
2023-12-01 08:58:15,926 [INFO] DetailPanel:341 - Set advertising image to C:/Users/thinh/STM32Cube/Repository/\en.prom-stm32h5-mcu-finder.jpg
2023-12-01 08:58:28,183 [INFO] MultiScanPanel:200 - Auto-refresh data requested => check proxy status ongoing
2023-12-01 08:58:28,561 [INFO] LoadUrlFilesThread:185 - End of LoadServerUrlFiles without Thread
2023-12-01 08:58:28,562 [INFO] DetailPanel:341 - Set advertising image to C:/Users/thinh/STM32Cube/Repository/\en.prom-stm32h5-mcu-finder.jpg
2023-12-01 08:59:30,243 [INFO] McuFinderGlobals:66 - Set McuFinderConnectedMode to true
2023-12-01 08:59:30,246 [INFO] ApiDb:448 - Save user favorites file C:\Users\thinh/.stm32cubeide/favorites.mcus.txt: 1 item(s)
2023-12-01 08:59:30,247 [INFO] ApiDb:452 - User favorites MCUs=[STM32F103RCT6]
2023-12-01 08:59:30,249 [INFO] ApiDb:448 - Save user favorites file C:\Users\thinh/.stm32cubeide/favorites.boards.txt: 1 item(s)
2023-12-01 08:59:30,249 [INFO] ApiDb:452 - User favorites Boards=[STM32F407G-DISC1]
2023-12-01 09:12:41,244 [INFO] MainUpdater:2854 - connection check result : 10
2023-12-01 09:12:41,432 [INFO] McuFinderGlobals:66 - Set McuFinderConnectedMode to true
2023-12-01 09:12:41,447 [INFO] MultiScanPanel:200 - Auto-refresh data requested => check proxy status ongoing
2023-12-01 09:12:41,447 [INFO] FinderPluginLoader:95 - Searching for filters in installed packs
2023-12-01 09:12:41,447 [INFO] FinderPluginLoader:108 - Found C:\Users\thinh\STM32Cube\Repository\Packs\STMicroelectronics\X-CUBE-AI\8.1.0\CubeMX\plugins\ip\ai.8.1.0.jar
2023-12-01 09:12:41,447 [INFO] FinderPluginLoader:118 - Loading ai.8.1.0
2023-12-01 09:12:41,479 [INFO] McuExtendedFiltersManager:95 - Add MCU extended filter: Artificial Intelligence
2023-12-01 09:12:42,150 [INFO] AInterface:109 - AInterface using toolDir: C:/Users/thinh/STM32Cube/Repository//Packs/STMicroelectronics/X-CUBE-AI/8.1.0/Utilities/windows
2023-12-01 09:12:42,838 [INFO] LoadUrlFilesThread:185 - End of LoadServerUrlFiles without Thread
2023-12-01 09:12:42,838 [INFO] DetailPanel:341 - Set advertising image to C:/Users/thinh/STM32Cube/Repository/\en.prom-stm32h5-mcu-finder.jpg
2023-12-01 09:13:02,098 [INFO] MultiScanPanel:200 - Auto-refresh data requested => check proxy status ongoing
2023-12-01 09:13:02,211 [INFO] LoadUrlFilesThread:185 - End of LoadServerUrlFiles without Thread
2023-12-01 09:13:02,211 [INFO] DetailPanel:341 - Set advertising image to C:/Users/thinh/STM32Cube/Repository/\en.prom-stm32h5-mcu-finder.jpg
2023-12-01 09:13:35,243 [INFO] McuFinderGlobals:66 - Set McuFinderConnectedMode to true
2023-12-01 09:13:36,137 [INFO] ApiDb:448 - Save user favorites file C:\Users\thinh/.stm32cubeide/favorites.mcus.txt: 1 item(s)
2023-12-01 09:13:36,137 [INFO] ApiDb:452 - User favorites MCUs=[STM32F103RCT6]
2023-12-01 09:13:36,138 [INFO] ApiDb:448 - Save user favorites file C:\Users\thinh/.stm32cubeide/favorites.boards.txt: 1 item(s)
2023-12-01 09:13:36,138 [INFO] ApiDb:452 - User favorites Boards=[STM32F407G-DISC1]
2023-12-01 09:13:36,777 [ERROR] LogOutputStream:75 - [STDERR_REDIRECT] Exception in thread "AWT-EventQueue-0" java.lang.NullPointerException
2023-12-01 09:13:36,781 [ERROR] LogOutputStream:75 - [STDERR_REDIRECT] 	at com.st.stm32cube.common.mx.targetselector.TargetSelectorAdapter$7.run(TargetSelectorAdapter.java:353)
2023-12-01 09:13:36,786 [ERROR] LogOutputStream:75 - [STDERR_REDIRECT] 	at com.st.stm32cube.common.mx.oss.core.awtswtbridge.AwtEnvironment$2.run(AwtEnvironment.java:166)
2023-12-01 09:13:36,789 [ERROR] LogOutputStream:75 - [STDERR_REDIRECT] 	at java.desktop/java.awt.event.InvocationEvent.dispatch(InvocationEvent.java:313)
2023-12-01 09:13:36,791 [ERROR] LogOutputStream:75 - [STDERR_REDIRECT] 	at java.desktop/java.awt.EventQueue.dispatchEventImpl(EventQueue.java:770)
2023-12-01 09:13:36,794 [ERROR] LogOutputStream:75 - [STDERR_REDIRECT] 	at java.desktop/java.awt.EventQueue$4.run(EventQueue.java:721)
2023-12-01 09:13:36,797 [ERROR] LogOutputStream:75 - [STDERR_REDIRECT] 	at java.desktop/java.awt.EventQueue$4.run(EventQueue.java:715)
2023-12-01 09:13:36,800 [ERROR] LogOutputStream:75 - [STDERR_REDIRECT] 	at java.base/java.security.AccessController.doPrivileged(Native Method)
2023-12-01 09:13:36,804 [ERROR] LogOutputStream:75 - [STDERR_REDIRECT] 	at java.base/java.security.ProtectionDomain$JavaSecurityAccessImpl.doIntersectionPrivilege(ProtectionDomain.java:85)
2023-12-01 09:13:36,806 [ERROR] LogOutputStream:75 - [STDERR_REDIRECT] 	at java.desktop/java.awt.EventQueue.dispatchEvent(EventQueue.java:740)
2023-12-01 09:13:36,810 [ERROR] LogOutputStream:75 - [STDERR_REDIRECT] 	at java.desktop/java.awt.EventDispatchThread.pumpOneEventForFilters(EventDispatchThread.java:203)
2023-12-01 09:13:36,813 [ERROR] LogOutputStream:75 - [STDERR_REDIRECT] 	at java.desktop/java.awt.EventDispatchThread.pumpEventsForFilter(EventDispatchThread.java:124)
2023-12-01 09:13:36,816 [ERROR] LogOutputStream:75 - [STDERR_REDIRECT] 	at java.desktop/java.awt.EventDispatchThread.pumpEventsForHierarchy(EventDispatchThread.java:113)
2023-12-01 09:13:36,818 [ERROR] LogOutputStream:75 - [STDERR_REDIRECT] 	at java.desktop/java.awt.EventDispatchThread.pumpEvents(EventDispatchThread.java:109)
2023-12-01 09:13:36,821 [ERROR] LogOutputStream:75 - [STDERR_REDIRECT] 	at java.desktop/java.awt.EventDispatchThread.pumpEvents(EventDispatchThread.java:101)
2023-12-01 09:13:36,824 [ERROR] LogOutputStream:75 - [STDERR_REDIRECT] 	at java.desktop/java.awt.EventDispatchThread.run(EventDispatchThread.java:90)
